<?xml version="1.0" encoding="UTF-8"?>
<!-- Generated by org.testng.reporters.JUnitXMLReporter -->
<testsuite ignored="0" hostname="DESKTOP-RJ88POF" failures="0" tests="3" name="UploadTests" time="12.178" errors="0" timestamp="2020-12-09T02:23:10 IST">
  <testcase classname="com.webapp.uploadtests.UploadTests" name="fileUploadTest" time="4.774"/>
  <testcase classname="com.webapp.uploadtests.UploadTests" name="fileUploadTest" time="5.228"/>
  <testcase classname="com.webapp.uploadtests.UploadTests" name="fileUploadTest" time="5.597"/>
</testsuite> <!-- UploadTests -->
