<?xml version="1.0" encoding="UTF-8"?>
<testsuite xmlns:xsi="http://www.w3.org/2001/XMLSchema-instance" xsi:noNamespaceSchemaLocation="https://maven.apache.org/surefire/maven-surefire-plugin/xsd/surefire-test-report.xsd" name="TestSuite" time="31.521" tests="4" errors="0" skipped="0" failures="1">
  <properties>
[...]
</properties>
  <testcase name="fileUploadTest" classname="com.webapp.uploadtests.UploadTests" time="4.742"/>
  <testcase name="fileUploadTest" classname="com.webapp.uploadtests.UploadTests" time="5.193"/>
  <testcase name="fileUploadTest" classname="com.webapp.uploadtests.UploadTests" time="5.568"/>
  <testcase name="logInTest" classname="com.webapp.loginpagetests.PositiveLogInTests" time="17.471">
    <failure message="actualSuccessMessage does not contain expectedSuccessMessage&#10;expectedSuccessMessage: You logged into a secure are!&#10;actualSuccessMessage: You logged into a secure area!&#10;× expected [true] but found [false]" type="java.lang.AssertionError">java.lang.AssertionError: 
actualSuccessMessage does not contain expectedSuccessMessage
expectedSuccessMessage: You logged into a secure are!
actualSuccessMessage: You logged into a secure area!
× expected [true] but found [false]
	at com.webapp.loginpagetests.PositiveLogInTests.logInTest(PositiveLogInTests.java:59)
</failure>
    <system-out><![CDATA[02:23:09.923 [TestNG-PoolService-0] INFO  fileUploadTest - Close driver
02:23:10.518 [TestNG-tests-2] INFO  UploadTests - [ALL UploadTests FINISHED]
02:23:12.190 [jersey-client-async-executor-0] DEBUG org.apache.http.client.protocol.RequestAddCookies - CookieSpec selected: default
02:23:12.199 [jersey-client-async-executor-0] DEBUG org.apache.http.client.protocol.RequestAuthCache - Auth cache not set in the context
02:23:12.200 [jersey-client-async-executor-0] DEBUG org.apache.http.impl.conn.PoolingHttpClientConnectionManager - Connection request: [route: {s}->https://eyesapi.applitools.com:443][total kept alive: 0; route allocated: 0 of 2; total allocated: 0 of 20]
02:23:12.208 [jersey-client-async-executor-0] DEBUG org.apache.http.impl.conn.PoolingHttpClientConnectionManager - Connection leased: [id: 0][route: {s}->https://eyesapi.applitools.com:443][total kept alive: 0; route allocated: 1 of 2; total allocated: 1 of 20]
02:23:12.211 [jersey-client-async-executor-0] DEBUG org.apache.http.impl.execchain.MainClientExec - Opening connection {s}->https://eyesapi.applitools.com:443
02:23:12.276 [jersey-client-async-executor-0] DEBUG org.apache.http.impl.conn.DefaultHttpClientConnectionOperator - Connecting to eyesapi.applitools.com/40.81.3.225:443
02:23:12.276 [jersey-client-async-executor-0] DEBUG org.apache.http.conn.ssl.SSLConnectionSocketFactory - Connecting socket to eyesapi.applitools.com/40.81.3.225:443 with timeout 300000
02:23:12.510 [jersey-client-async-executor-0] DEBUG org.apache.http.conn.ssl.SSLConnectionSocketFactory - Enabled protocols: [TLSv1.3, TLSv1.2, TLSv1.1, TLSv1]
02:23:12.510 [jersey-client-async-executor-0] DEBUG org.apache.http.conn.ssl.SSLConnectionSocketFactory - Enabled cipher suites:[TLS_AES_128_GCM_SHA256, TLS_AES_256_GCM_SHA384, TLS_ECDHE_ECDSA_WITH_AES_256_GCM_SHA384, TLS_ECDHE_ECDSA_WITH_AES_128_GCM_SHA256, TLS_ECDHE_RSA_WITH_AES_256_GCM_SHA384, TLS_RSA_WITH_AES_256_GCM_SHA384, TLS_ECDH_ECDSA_WITH_AES_256_GCM_SHA384, TLS_ECDH_RSA_WITH_AES_256_GCM_SHA384, TLS_DHE_RSA_WITH_AES_256_GCM_SHA384, TLS_DHE_DSS_WITH_AES_256_GCM_SHA384, TLS_ECDHE_RSA_WITH_AES_128_GCM_SHA256, TLS_RSA_WITH_AES_128_GCM_SHA256, TLS_ECDH_ECDSA_WITH_AES_128_GCM_SHA256, TLS_ECDH_RSA_WITH_AES_128_GCM_SHA256, TLS_DHE_RSA_WITH_AES_128_GCM_SHA256, TLS_DHE_DSS_WITH_AES_128_GCM_SHA256, TLS_ECDHE_ECDSA_WITH_AES_256_CBC_SHA384, TLS_ECDHE_RSA_WITH_AES_256_CBC_SHA384, TLS_RSA_WITH_AES_256_CBC_SHA256, TLS_ECDH_ECDSA_WITH_AES_256_CBC_SHA384, TLS_ECDH_RSA_WITH_AES_256_CBC_SHA384, TLS_DHE_RSA_WITH_AES_256_CBC_SHA256, TLS_DHE_DSS_WITH_AES_256_CBC_SHA256, TLS_ECDHE_ECDSA_WITH_AES_256_CBC_SHA, TLS_ECDHE_RSA_WITH_AES_256_CBC_SHA, TLS_RSA_WITH_AES_256_CBC_SHA, TLS_ECDH_ECDSA_WITH_AES_256_CBC_SHA, TLS_ECDH_RSA_WITH_AES_256_CBC_SHA, TLS_DHE_RSA_WITH_AES_256_CBC_SHA, TLS_DHE_DSS_WITH_AES_256_CBC_SHA, TLS_ECDHE_ECDSA_WITH_AES_128_CBC_SHA256, TLS_ECDHE_RSA_WITH_AES_128_CBC_SHA256, TLS_RSA_WITH_AES_128_CBC_SHA256, TLS_ECDH_ECDSA_WITH_AES_128_CBC_SHA256, TLS_ECDH_RSA_WITH_AES_128_CBC_SHA256, TLS_DHE_RSA_WITH_AES_128_CBC_SHA256, TLS_DHE_DSS_WITH_AES_128_CBC_SHA256, TLS_ECDHE_ECDSA_WITH_AES_128_CBC_SHA, TLS_ECDHE_RSA_WITH_AES_128_CBC_SHA, TLS_RSA_WITH_AES_128_CBC_SHA, TLS_ECDH_ECDSA_WITH_AES_128_CBC_SHA, TLS_ECDH_RSA_WITH_AES_128_CBC_SHA, TLS_DHE_RSA_WITH_AES_128_CBC_SHA, TLS_DHE_DSS_WITH_AES_128_CBC_SHA, TLS_EMPTY_RENEGOTIATION_INFO_SCSV]
02:23:12.511 [jersey-client-async-executor-0] DEBUG org.apache.http.conn.ssl.SSLConnectionSocketFactory - Starting handshake
02:23:13.040 [jersey-client-async-executor-0] DEBUG org.apache.http.conn.ssl.SSLConnectionSocketFactory - Secure session established
02:23:13.040 [jersey-client-async-executor-0] DEBUG org.apache.http.conn.ssl.SSLConnectionSocketFactory -  negotiated protocol: TLSv1.2
02:23:13.040 [jersey-client-async-executor-0] DEBUG org.apache.http.conn.ssl.SSLConnectionSocketFactory -  negotiated cipher suite: TLS_ECDHE_RSA_WITH_AES_256_GCM_SHA384
02:23:13.041 [jersey-client-async-executor-0] DEBUG org.apache.http.conn.ssl.SSLConnectionSocketFactory -  peer principal: CN=*.applitools.com, O=Applitools Inc., L=San mateo, ST=California, C=US
02:23:13.042 [jersey-client-async-executor-0] DEBUG org.apache.http.conn.ssl.SSLConnectionSocketFactory -  peer alternative names: [*.applitools.com, applitools.com]
02:23:13.042 [jersey-client-async-executor-0] DEBUG org.apache.http.conn.ssl.SSLConnectionSocketFactory -  issuer principal: CN=DigiCert SHA2 Secure Server CA, O=DigiCert Inc, C=US
02:23:13.044 [jersey-client-async-executor-0] DEBUG org.apache.http.impl.conn.DefaultHttpClientConnectionOperator - Connection established 192.168.1.2:4043<->40.81.3.225:443
02:23:13.045 [jersey-client-async-executor-0] DEBUG org.apache.http.impl.execchain.MainClientExec - Executing request POST /api/sessions/running?apiKey=VNmDaPWGLMG1PBjouBddUT6iUAukSWznwUnumISSIwE110 HTTP/1.1
02:23:13.045 [jersey-client-async-executor-0] DEBUG org.apache.http.impl.execchain.MainClientExec - Target auth state: UNCHALLENGED
02:23:13.045 [jersey-client-async-executor-0] DEBUG org.apache.http.impl.execchain.MainClientExec - Proxy auth state: UNCHALLENGED
02:23:13.376 [jersey-client-async-executor-0] DEBUG org.apache.http.impl.execchain.MainClientExec - Connection can be kept alive indefinitely
02:23:13.377 [jersey-client-async-executor-0] DEBUG org.apache.http.impl.conn.PoolingHttpClientConnectionManager - Connection [id: 0][route: {s}->https://eyesapi.applitools.com:443] can be kept alive indefinitely
02:23:13.377 [jersey-client-async-executor-0] DEBUG org.apache.http.impl.conn.PoolingHttpClientConnectionManager - Connection released: [id: 0][route: {s}->https://eyesapi.applitools.com:443][total kept alive: 1; route allocated: 1 of 2; total allocated: 1 of 20]
02:23:13.392 [jersey-client-async-executor-1] DEBUG org.apache.http.client.protocol.RequestAddCookies - CookieSpec selected: default
02:23:13.394 [jersey-client-async-executor-1] DEBUG org.apache.http.client.protocol.RequestAuthCache - Auth cache not set in the context
02:23:13.394 [jersey-client-async-executor-1] DEBUG org.apache.http.impl.conn.PoolingHttpClientConnectionManager - Connection request: [route: {s}->https://eyesapi.applitools.com:443][total kept alive: 1; route allocated: 1 of 2; total allocated: 1 of 20]
02:23:13.394 [jersey-client-async-executor-1] DEBUG org.apache.http.impl.conn.PoolingHttpClientConnectionManager - Connection leased: [id: 0][route: {s}->https://eyesapi.applitools.com:443][total kept alive: 0; route allocated: 1 of 2; total allocated: 1 of 20]
02:23:13.395 [jersey-client-async-executor-1] DEBUG org.apache.http.impl.execchain.MainClientExec - Executing request GET /api/tasks/00637430575932434242%7e2/status?apiKey=VNmDaPWGLMG1PBjouBddUT6iUAukSWznwUnumISSIwE110 HTTP/1.1
02:23:13.396 [jersey-client-async-executor-1] DEBUG org.apache.http.impl.execchain.MainClientExec - Target auth state: UNCHALLENGED
02:23:13.396 [jersey-client-async-executor-1] DEBUG org.apache.http.impl.execchain.MainClientExec - Proxy auth state: UNCHALLENGED
02:23:13.651 [jersey-client-async-executor-1] DEBUG org.apache.http.impl.execchain.MainClientExec - Connection can be kept alive indefinitely
02:23:13.651 [jersey-client-async-executor-1] DEBUG org.apache.http.impl.conn.PoolingHttpClientConnectionManager - Connection [id: 0][route: {s}->https://eyesapi.applitools.com:443] can be kept alive indefinitely
02:23:13.651 [jersey-client-async-executor-1] DEBUG org.apache.http.impl.conn.PoolingHttpClientConnectionManager - Connection released: [id: 0][route: {s}->https://eyesapi.applitools.com:443][total kept alive: 1; route allocated: 1 of 2; total allocated: 1 of 20]
02:23:14.159 [jersey-client-async-executor-0] DEBUG org.apache.http.client.protocol.RequestAddCookies - CookieSpec selected: default
02:23:14.161 [jersey-client-async-executor-0] DEBUG org.apache.http.client.protocol.RequestAuthCache - Auth cache not set in the context
02:23:14.161 [jersey-client-async-executor-0] DEBUG org.apache.http.impl.conn.PoolingHttpClientConnectionManager - Connection request: [route: {s}->https://eyesapi.applitools.com:443][total kept alive: 1; route allocated: 1 of 2; total allocated: 1 of 20]
02:23:14.161 [jersey-client-async-executor-0] DEBUG org.apache.http.impl.conn.PoolingHttpClientConnectionManager - Connection leased: [id: 0][route: {s}->https://eyesapi.applitools.com:443][total kept alive: 0; route allocated: 1 of 2; total allocated: 1 of 20]
02:23:14.162 [jersey-client-async-executor-0] DEBUG org.apache.http.impl.execchain.MainClientExec - Executing request GET /api/tasks/00637430575932434242%7e2/status?apiKey=VNmDaPWGLMG1PBjouBddUT6iUAukSWznwUnumISSIwE110 HTTP/1.1
02:23:14.163 [jersey-client-async-executor-0] DEBUG org.apache.http.impl.execchain.MainClientExec - Target auth state: UNCHALLENGED
02:23:14.163 [jersey-client-async-executor-0] DEBUG org.apache.http.impl.execchain.MainClientExec - Proxy auth state: UNCHALLENGED
02:23:14.393 [jersey-client-async-executor-0] DEBUG org.apache.http.impl.execchain.MainClientExec - Connection can be kept alive indefinitely
02:23:14.393 [jersey-client-async-executor-0] DEBUG org.apache.http.impl.conn.PoolingHttpClientConnectionManager - Connection [id: 0][route: {s}->https://eyesapi.applitools.com:443] can be kept alive indefinitely
02:23:14.394 [jersey-client-async-executor-0] DEBUG org.apache.http.impl.conn.PoolingHttpClientConnectionManager - Connection released: [id: 0][route: {s}->https://eyesapi.applitools.com:443][total kept alive: 1; route allocated: 1 of 2; total allocated: 1 of 20]
02:23:14.395 [jersey-client-async-executor-1] DEBUG org.apache.http.client.protocol.RequestAddCookies - CookieSpec selected: default
02:23:14.397 [jersey-client-async-executor-1] DEBUG org.apache.http.client.protocol.RequestAuthCache - Auth cache not set in the context
02:23:14.397 [jersey-client-async-executor-1] DEBUG org.apache.http.impl.conn.PoolingHttpClientConnectionManager - Connection request: [route: {s}->https://eyesapi.applitools.com:443][total kept alive: 1; route allocated: 1 of 2; total allocated: 1 of 20]
02:23:14.397 [jersey-client-async-executor-1] DEBUG org.apache.http.impl.conn.PoolingHttpClientConnectionManager - Connection leased: [id: 0][route: {s}->https://eyesapi.applitools.com:443][total kept alive: 0; route allocated: 1 of 2; total allocated: 1 of 20]
02:23:14.398 [jersey-client-async-executor-1] DEBUG org.apache.http.impl.execchain.MainClientExec - Executing request DELETE /api/tasks/00637430575932434242%7e2/result?apiKey=VNmDaPWGLMG1PBjouBddUT6iUAukSWznwUnumISSIwE110 HTTP/1.1
02:23:14.398 [jersey-client-async-executor-1] DEBUG org.apache.http.impl.execchain.MainClientExec - Target auth state: UNCHALLENGED
02:23:14.398 [jersey-client-async-executor-1] DEBUG org.apache.http.impl.execchain.MainClientExec - Proxy auth state: UNCHALLENGED
02:23:14.634 [jersey-client-async-executor-1] DEBUG org.apache.http.impl.execchain.MainClientExec - Connection can be kept alive indefinitely
02:23:14.636 [jersey-client-async-executor-1] DEBUG org.apache.http.impl.conn.PoolingHttpClientConnectionManager - Connection [id: 0][route: {s}->https://eyesapi.applitools.com:443] can be kept alive indefinitely
02:23:14.636 [jersey-client-async-executor-1] DEBUG org.apache.http.impl.conn.PoolingHttpClientConnectionManager - Connection released: [id: 0][route: {s}->https://eyesapi.applitools.com:443][total kept alive: 1; route allocated: 1 of 2; total allocated: 1 of 20]
02:23:16.909 [jersey-client-async-executor-1] DEBUG org.apache.http.client.protocol.RequestAddCookies - CookieSpec selected: default
02:23:16.911 [jersey-client-async-executor-1] DEBUG org.apache.http.client.protocol.RequestAuthCache - Auth cache not set in the context
02:23:16.911 [jersey-client-async-executor-1] DEBUG org.apache.http.impl.conn.PoolingHttpClientConnectionManager - Connection request: [route: {s}->https://eyesapi.applitools.com:443][total kept alive: 1; route allocated: 1 of 2; total allocated: 1 of 20]
02:23:16.912 [jersey-client-async-executor-1] DEBUG org.apache.http.impl.conn.PoolingHttpClientConnectionManager - Connection leased: [id: 0][route: {s}->https://eyesapi.applitools.com:443][total kept alive: 0; route allocated: 1 of 2; total allocated: 1 of 20]
02:23:16.913 [jersey-client-async-executor-1] DEBUG org.apache.http.impl.execchain.MainClientExec - Executing request GET /api/sessions/renderinfo?apiKey=VNmDaPWGLMG1PBjouBddUT6iUAukSWznwUnumISSIwE110 HTTP/1.1
02:23:16.913 [jersey-client-async-executor-1] DEBUG org.apache.http.impl.execchain.MainClientExec - Target auth state: UNCHALLENGED
02:23:16.913 [jersey-client-async-executor-1] DEBUG org.apache.http.impl.execchain.MainClientExec - Proxy auth state: UNCHALLENGED
02:23:17.147 [jersey-client-async-executor-1] DEBUG org.apache.http.impl.execchain.MainClientExec - Connection can be kept alive indefinitely
02:23:17.148 [jersey-client-async-executor-1] DEBUG org.apache.http.impl.conn.PoolingHttpClientConnectionManager - Connection [id: 0][route: {s}->https://eyesapi.applitools.com:443] can be kept alive indefinitely
02:23:17.148 [jersey-client-async-executor-1] DEBUG org.apache.http.impl.conn.PoolingHttpClientConnectionManager - Connection released: [id: 0][route: {s}->https://eyesapi.applitools.com:443][total kept alive: 1; route allocated: 1 of 2; total allocated: 1 of 20]
02:23:17.153 [jersey-client-async-executor-1] DEBUG org.apache.http.client.protocol.RequestAddCookies - CookieSpec selected: default
02:23:17.155 [jersey-client-async-executor-1] DEBUG org.apache.http.client.protocol.RequestAuthCache - Auth cache not set in the context
02:23:17.155 [jersey-client-async-executor-1] DEBUG org.apache.http.impl.conn.PoolingHttpClientConnectionManager - Connection request: [route: {s}->https://eyespublicwusi0.blob.core.windows.net:443][total kept alive: 1; route allocated: 0 of 2; total allocated: 1 of 20]
02:23:17.155 [jersey-client-async-executor-1] DEBUG org.apache.http.impl.conn.PoolingHttpClientConnectionManager - Connection leased: [id: 1][route: {s}->https://eyespublicwusi0.blob.core.windows.net:443][total kept alive: 1; route allocated: 1 of 2; total allocated: 2 of 20]
02:23:17.156 [jersey-client-async-executor-1] DEBUG org.apache.http.impl.execchain.MainClientExec - Opening connection {s}->https://eyespublicwusi0.blob.core.windows.net:443
02:23:17.228 [jersey-client-async-executor-1] DEBUG org.apache.http.impl.conn.DefaultHttpClientConnectionOperator - Connecting to eyespublicwusi0.blob.core.windows.net/40.112.152.16:443
02:23:17.228 [jersey-client-async-executor-1] DEBUG org.apache.http.conn.ssl.SSLConnectionSocketFactory - Connecting socket to eyespublicwusi0.blob.core.windows.net/40.112.152.16:443 with timeout 300000
02:23:17.450 [jersey-client-async-executor-1] DEBUG org.apache.http.conn.ssl.SSLConnectionSocketFactory - Enabled protocols: [TLSv1.3, TLSv1.2, TLSv1.1, TLSv1]
02:23:17.451 [jersey-client-async-executor-1] DEBUG org.apache.http.conn.ssl.SSLConnectionSocketFactory - Enabled cipher suites:[TLS_AES_128_GCM_SHA256, TLS_AES_256_GCM_SHA384, TLS_ECDHE_ECDSA_WITH_AES_256_GCM_SHA384, TLS_ECDHE_ECDSA_WITH_AES_128_GCM_SHA256, TLS_ECDHE_RSA_WITH_AES_256_GCM_SHA384, TLS_RSA_WITH_AES_256_GCM_SHA384, TLS_ECDH_ECDSA_WITH_AES_256_GCM_SHA384, TLS_ECDH_RSA_WITH_AES_256_GCM_SHA384, TLS_DHE_RSA_WITH_AES_256_GCM_SHA384, TLS_DHE_DSS_WITH_AES_256_GCM_SHA384, TLS_ECDHE_RSA_WITH_AES_128_GCM_SHA256, TLS_RSA_WITH_AES_128_GCM_SHA256, TLS_ECDH_ECDSA_WITH_AES_128_GCM_SHA256, TLS_ECDH_RSA_WITH_AES_128_GCM_SHA256, TLS_DHE_RSA_WITH_AES_128_GCM_SHA256, TLS_DHE_DSS_WITH_AES_128_GCM_SHA256, TLS_ECDHE_ECDSA_WITH_AES_256_CBC_SHA384, TLS_ECDHE_RSA_WITH_AES_256_CBC_SHA384, TLS_RSA_WITH_AES_256_CBC_SHA256, TLS_ECDH_ECDSA_WITH_AES_256_CBC_SHA384, TLS_ECDH_RSA_WITH_AES_256_CBC_SHA384, TLS_DHE_RSA_WITH_AES_256_CBC_SHA256, TLS_DHE_DSS_WITH_AES_256_CBC_SHA256, TLS_ECDHE_ECDSA_WITH_AES_256_CBC_SHA, TLS_ECDHE_RSA_WITH_AES_256_CBC_SHA, TLS_RSA_WITH_AES_256_CBC_SHA, TLS_ECDH_ECDSA_WITH_AES_256_CBC_SHA, TLS_ECDH_RSA_WITH_AES_256_CBC_SHA, TLS_DHE_RSA_WITH_AES_256_CBC_SHA, TLS_DHE_DSS_WITH_AES_256_CBC_SHA, TLS_ECDHE_ECDSA_WITH_AES_128_CBC_SHA256, TLS_ECDHE_RSA_WITH_AES_128_CBC_SHA256, TLS_RSA_WITH_AES_128_CBC_SHA256, TLS_ECDH_ECDSA_WITH_AES_128_CBC_SHA256, TLS_ECDH_RSA_WITH_AES_128_CBC_SHA256, TLS_DHE_RSA_WITH_AES_128_CBC_SHA256, TLS_DHE_DSS_WITH_AES_128_CBC_SHA256, TLS_ECDHE_ECDSA_WITH_AES_128_CBC_SHA, TLS_ECDHE_RSA_WITH_AES_128_CBC_SHA, TLS_RSA_WITH_AES_128_CBC_SHA, TLS_ECDH_ECDSA_WITH_AES_128_CBC_SHA, TLS_ECDH_RSA_WITH_AES_128_CBC_SHA, TLS_DHE_RSA_WITH_AES_128_CBC_SHA, TLS_DHE_DSS_WITH_AES_128_CBC_SHA, TLS_EMPTY_RENEGOTIATION_INFO_SCSV]
02:23:17.453 [jersey-client-async-executor-1] DEBUG org.apache.http.conn.ssl.SSLConnectionSocketFactory - Starting handshake
02:23:17.912 [jersey-client-async-executor-1] DEBUG org.apache.http.conn.ssl.SSLConnectionSocketFactory - Secure session established
02:23:17.913 [jersey-client-async-executor-1] DEBUG org.apache.http.conn.ssl.SSLConnectionSocketFactory -  negotiated protocol: TLSv1.2
02:23:17.913 [jersey-client-async-executor-1] DEBUG org.apache.http.conn.ssl.SSLConnectionSocketFactory -  negotiated cipher suite: TLS_ECDHE_RSA_WITH_AES_256_GCM_SHA384
02:23:17.913 [jersey-client-async-executor-1] DEBUG org.apache.http.conn.ssl.SSLConnectionSocketFactory -  peer principal: CN=*.blob.core.windows.net
02:23:17.915 [jersey-client-async-executor-1] DEBUG org.apache.http.conn.ssl.SSLConnectionSocketFactory -  peer alternative names: [*.blob.core.windows.net, *.by4prdstr02a.store.core.windows.net, *.blob.storage.azure.net, *.z1.blob.storage.azure.net, *.z2.blob.storage.azure.net, *.z3.blob.storage.azure.net, *.z4.blob.storage.azure.net, *.z5.blob.storage.azure.net, *.z6.blob.storage.azure.net, *.z7.blob.storage.azure.net, *.z8.blob.storage.azure.net, *.z9.blob.storage.azure.net, *.z10.blob.storage.azure.net, *.z11.blob.storage.azure.net, *.z12.blob.storage.azure.net, *.z13.blob.storage.azure.net, *.z14.blob.storage.azure.net, *.z15.blob.storage.azure.net, *.z16.blob.storage.azure.net, *.z17.blob.storage.azure.net, *.z18.blob.storage.azure.net, *.z19.blob.storage.azure.net, *.z20.blob.storage.azure.net, *.z21.blob.storage.azure.net, *.z22.blob.storage.azure.net, *.z23.blob.storage.azure.net, *.z24.blob.storage.azure.net, *.z25.blob.storage.azure.net, *.z26.blob.storage.azure.net, *.z27.blob.storage.azure.net, *.z28.blob.storage.azure.net, *.z29.blob.storage.azure.net, *.z30.blob.storage.azure.net, *.z31.blob.storage.azure.net, *.z32.blob.storage.azure.net, *.z33.blob.storage.azure.net, *.z34.blob.storage.azure.net, *.z35.blob.storage.azure.net, *.z36.blob.storage.azure.net, *.z37.blob.storage.azure.net, *.z38.blob.storage.azure.net, *.z39.blob.storage.azure.net, *.z40.blob.storage.azure.net, *.z41.blob.storage.azure.net, *.z42.blob.storage.azure.net, *.z43.blob.storage.azure.net, *.z44.blob.storage.azure.net, *.z45.blob.storage.azure.net, *.z46.blob.storage.azure.net, *.z47.blob.storage.azure.net, *.z48.blob.storage.azure.net, *.z49.blob.storage.azure.net, *.z50.blob.storage.azure.net]
02:23:17.915 [jersey-client-async-executor-1] DEBUG org.apache.http.conn.ssl.SSLConnectionSocketFactory -  issuer principal: CN=Microsoft RSA TLS CA 02, O=Microsoft Corporation, C=US
02:23:17.917 [jersey-client-async-executor-1] DEBUG org.apache.http.impl.conn.DefaultHttpClientConnectionOperator - Connection established 192.168.1.2:4046<->40.112.152.16:443
02:23:17.917 [jersey-client-async-executor-1] DEBUG org.apache.http.impl.execchain.MainClientExec - Executing request PUT /a158073-se/292c584f-c4b5-41f2-b86f-2a7a11f141e8?sv=2017-04-17&sr=c&sig=ImL1rgm4eSQ1RO9C1Po50aqICURLLcDgc2v3XQQsapc%3D&se=2020-12-09T20%3A53%3A17Z&sp=w&accessKey=VNmDaPWGLMG1PBjouBddUT6iUAukSWznwUnumISSIwE110 HTTP/1.1
02:23:17.917 [jersey-client-async-executor-1] DEBUG org.apache.http.impl.execchain.MainClientExec - Target auth state: UNCHALLENGED
02:23:17.918 [jersey-client-async-executor-1] DEBUG org.apache.http.impl.execchain.MainClientExec - Proxy auth state: UNCHALLENGED
02:23:18.371 [jersey-client-async-executor-1] DEBUG org.apache.http.impl.execchain.MainClientExec - Connection can be kept alive indefinitely
02:23:18.371 [jersey-client-async-executor-1] DEBUG org.apache.http.impl.conn.PoolingHttpClientConnectionManager - Connection [id: 1][route: {s}->https://eyespublicwusi0.blob.core.windows.net:443] can be kept alive indefinitely
02:23:18.371 [jersey-client-async-executor-1] DEBUG org.apache.http.impl.conn.PoolingHttpClientConnectionManager - Connection released: [id: 1][route: {s}->https://eyespublicwusi0.blob.core.windows.net:443][total kept alive: 2; route allocated: 1 of 2; total allocated: 2 of 20]
02:23:18.467 [jersey-client-async-executor-1] DEBUG org.apache.http.client.protocol.RequestAddCookies - CookieSpec selected: default
02:23:18.467 [jersey-client-async-executor-1] DEBUG org.apache.http.client.protocol.RequestAuthCache - Auth cache not set in the context
02:23:18.468 [jersey-client-async-executor-1] DEBUG org.apache.http.impl.conn.PoolingHttpClientConnectionManager - Connection request: [route: {s}->https://eyespublicwusi0.blob.core.windows.net:443][total kept alive: 2; route allocated: 1 of 2; total allocated: 2 of 20]
02:23:18.469 [jersey-client-async-executor-1] DEBUG org.apache.http.impl.conn.PoolingHttpClientConnectionManager - Connection leased: [id: 1][route: {s}->https://eyespublicwusi0.blob.core.windows.net:443][total kept alive: 1; route allocated: 1 of 2; total allocated: 2 of 20]
02:23:18.469 [jersey-client-async-executor-1] DEBUG org.apache.http.impl.execchain.MainClientExec - Executing request PUT /a158073-se/7e2cea82-88f7-480a-bf46-7d5410bc4379?sv=2017-04-17&sr=c&sig=ImL1rgm4eSQ1RO9C1Po50aqICURLLcDgc2v3XQQsapc%3D&se=2020-12-09T20%3A53%3A17Z&sp=w&accessKey=VNmDaPWGLMG1PBjouBddUT6iUAukSWznwUnumISSIwE110 HTTP/1.1
02:23:18.470 [jersey-client-async-executor-1] DEBUG org.apache.http.impl.execchain.MainClientExec - Target auth state: UNCHALLENGED
02:23:18.470 [jersey-client-async-executor-1] DEBUG org.apache.http.impl.execchain.MainClientExec - Proxy auth state: UNCHALLENGED
02:23:18.705 [jersey-client-async-executor-1] DEBUG org.apache.http.impl.execchain.MainClientExec - Connection can be kept alive indefinitely
02:23:18.706 [jersey-client-async-executor-1] DEBUG org.apache.http.impl.conn.PoolingHttpClientConnectionManager - Connection [id: 1][route: {s}->https://eyespublicwusi0.blob.core.windows.net:443] can be kept alive indefinitely
02:23:18.707 [jersey-client-async-executor-1] DEBUG org.apache.http.impl.conn.PoolingHttpClientConnectionManager - Connection released: [id: 1][route: {s}->https://eyespublicwusi0.blob.core.windows.net:443][total kept alive: 2; route allocated: 1 of 2; total allocated: 2 of 20]
02:23:18.711 [jersey-client-async-executor-0] DEBUG org.apache.http.client.protocol.RequestAddCookies - CookieSpec selected: default
02:23:18.713 [jersey-client-async-executor-0] DEBUG org.apache.http.client.protocol.RequestAuthCache - Auth cache not set in the context
02:23:18.713 [jersey-client-async-executor-0] DEBUG org.apache.http.impl.conn.PoolingHttpClientConnectionManager - Connection request: [route: {s}->https://eyesapi.applitools.com:443][total kept alive: 2; route allocated: 1 of 2; total allocated: 2 of 20]
02:23:18.713 [jersey-client-async-executor-0] DEBUG org.apache.http.impl.conn.PoolingHttpClientConnectionManager - Connection leased: [id: 0][route: {s}->https://eyesapi.applitools.com:443][total kept alive: 1; route allocated: 1 of 2; total allocated: 2 of 20]
02:23:18.714 [jersey-client-async-executor-0] DEBUG org.apache.http.impl.execchain.MainClientExec - Executing request POST /api/sessions/running/KeyMMzEv7UeKa7wZLSfZIw~~$1b59f78c9-7d6e-498e-a321-9a48f2f4026c$24?apiKey=VNmDaPWGLMG1PBjouBddUT6iUAukSWznwUnumISSIwE110 HTTP/1.1
02:23:18.714 [jersey-client-async-executor-0] DEBUG org.apache.http.impl.execchain.MainClientExec - Target auth state: UNCHALLENGED
02:23:18.715 [jersey-client-async-executor-0] DEBUG org.apache.http.impl.execchain.MainClientExec - Proxy auth state: UNCHALLENGED
02:23:18.979 [jersey-client-async-executor-0] DEBUG org.apache.http.impl.execchain.MainClientExec - Connection can be kept alive indefinitely
02:23:18.980 [jersey-client-async-executor-0] DEBUG org.apache.http.impl.conn.PoolingHttpClientConnectionManager - Connection [id: 0][route: {s}->https://eyesapi.applitools.com:443] can be kept alive indefinitely
02:23:18.980 [jersey-client-async-executor-0] DEBUG org.apache.http.impl.conn.PoolingHttpClientConnectionManager - Connection released: [id: 0][route: {s}->https://eyesapi.applitools.com:443][total kept alive: 2; route allocated: 1 of 2; total allocated: 2 of 20]
02:23:18.983 [jersey-client-async-executor-1] DEBUG org.apache.http.client.protocol.RequestAddCookies - CookieSpec selected: default
02:23:18.983 [jersey-client-async-executor-1] DEBUG org.apache.http.client.protocol.RequestAuthCache - Auth cache not set in the context
02:23:18.983 [jersey-client-async-executor-1] DEBUG org.apache.http.impl.conn.PoolingHttpClientConnectionManager - Connection request: [route: {s}->https://eyesapi.applitools.com:443][total kept alive: 2; route allocated: 1 of 2; total allocated: 2 of 20]
02:23:18.984 [jersey-client-async-executor-1] DEBUG org.apache.http.impl.conn.PoolingHttpClientConnectionManager - Connection leased: [id: 0][route: {s}->https://eyesapi.applitools.com:443][total kept alive: 1; route allocated: 1 of 2; total allocated: 2 of 20]
02:23:18.985 [jersey-client-async-executor-1] DEBUG org.apache.http.impl.execchain.MainClientExec - Executing request GET /api/tasks/00637430575988363374%7e2/status?apiKey=VNmDaPWGLMG1PBjouBddUT6iUAukSWznwUnumISSIwE110 HTTP/1.1
02:23:18.986 [jersey-client-async-executor-1] DEBUG org.apache.http.impl.execchain.MainClientExec - Target auth state: UNCHALLENGED
02:23:18.986 [jersey-client-async-executor-1] DEBUG org.apache.http.impl.execchain.MainClientExec - Proxy auth state: UNCHALLENGED
02:23:19.237 [jersey-client-async-executor-1] DEBUG org.apache.http.impl.execchain.MainClientExec - Connection can be kept alive indefinitely
02:23:19.237 [jersey-client-async-executor-1] DEBUG org.apache.http.impl.conn.PoolingHttpClientConnectionManager - Connection [id: 0][route: {s}->https://eyesapi.applitools.com:443] can be kept alive indefinitely
02:23:19.239 [jersey-client-async-executor-1] DEBUG org.apache.http.impl.conn.PoolingHttpClientConnectionManager - Connection released: [id: 0][route: {s}->https://eyesapi.applitools.com:443][total kept alive: 2; route allocated: 1 of 2; total allocated: 2 of 20]
02:23:19.742 [jersey-client-async-executor-0] DEBUG org.apache.http.client.protocol.RequestAddCookies - CookieSpec selected: default
02:23:19.742 [jersey-client-async-executor-0] DEBUG org.apache.http.client.protocol.RequestAuthCache - Auth cache not set in the context
02:23:19.744 [jersey-client-async-executor-0] DEBUG org.apache.http.impl.conn.PoolingHttpClientConnectionManager - Connection request: [route: {s}->https://eyesapi.applitools.com:443][total kept alive: 2; route allocated: 1 of 2; total allocated: 2 of 20]
02:23:19.744 [jersey-client-async-executor-0] DEBUG org.apache.http.impl.conn.PoolingHttpClientConnectionManager - Connection leased: [id: 0][route: {s}->https://eyesapi.applitools.com:443][total kept alive: 1; route allocated: 1 of 2; total allocated: 2 of 20]
02:23:19.744 [jersey-client-async-executor-0] DEBUG org.apache.http.impl.execchain.MainClientExec - Executing request GET /api/tasks/00637430575988363374%7e2/status?apiKey=VNmDaPWGLMG1PBjouBddUT6iUAukSWznwUnumISSIwE110 HTTP/1.1
02:23:19.746 [jersey-client-async-executor-0] DEBUG org.apache.http.impl.execchain.MainClientExec - Target auth state: UNCHALLENGED
02:23:19.746 [jersey-client-async-executor-0] DEBUG org.apache.http.impl.execchain.MainClientExec - Proxy auth state: UNCHALLENGED
02:23:19.977 [jersey-client-async-executor-0] DEBUG org.apache.http.impl.execchain.MainClientExec - Connection can be kept alive indefinitely
02:23:19.978 [jersey-client-async-executor-0] DEBUG org.apache.http.impl.conn.PoolingHttpClientConnectionManager - Connection [id: 0][route: {s}->https://eyesapi.applitools.com:443] can be kept alive indefinitely
02:23:19.979 [jersey-client-async-executor-0] DEBUG org.apache.http.impl.conn.PoolingHttpClientConnectionManager - Connection released: [id: 0][route: {s}->https://eyesapi.applitools.com:443][total kept alive: 2; route allocated: 1 of 2; total allocated: 2 of 20]
02:23:19.981 [jersey-client-async-executor-1] DEBUG org.apache.http.client.protocol.RequestAddCookies - CookieSpec selected: default
02:23:19.981 [jersey-client-async-executor-1] DEBUG org.apache.http.client.protocol.RequestAuthCache - Auth cache not set in the context
02:23:19.982 [jersey-client-async-executor-1] DEBUG org.apache.http.impl.conn.PoolingHttpClientConnectionManager - Connection request: [route: {s}->https://eyesapi.applitools.com:443][total kept alive: 2; route allocated: 1 of 2; total allocated: 2 of 20]
02:23:19.982 [jersey-client-async-executor-1] DEBUG org.apache.http.impl.conn.PoolingHttpClientConnectionManager - Connection leased: [id: 0][route: {s}->https://eyesapi.applitools.com:443][total kept alive: 1; route allocated: 1 of 2; total allocated: 2 of 20]
02:23:19.983 [jersey-client-async-executor-1] DEBUG org.apache.http.impl.execchain.MainClientExec - Executing request DELETE /api/tasks/00637430575988363374%7e2/result?apiKey=VNmDaPWGLMG1PBjouBddUT6iUAukSWznwUnumISSIwE110 HTTP/1.1
02:23:19.984 [jersey-client-async-executor-1] DEBUG org.apache.http.impl.execchain.MainClientExec - Target auth state: UNCHALLENGED
02:23:19.984 [jersey-client-async-executor-1] DEBUG org.apache.http.impl.execchain.MainClientExec - Proxy auth state: UNCHALLENGED
02:23:20.220 [jersey-client-async-executor-1] DEBUG org.apache.http.impl.execchain.MainClientExec - Connection can be kept alive indefinitely
02:23:20.220 [jersey-client-async-executor-1] DEBUG org.apache.http.impl.conn.PoolingHttpClientConnectionManager - Connection [id: 0][route: {s}->https://eyesapi.applitools.com:443] can be kept alive indefinitely
02:23:20.223 [jersey-client-async-executor-1] DEBUG org.apache.http.impl.conn.PoolingHttpClientConnectionManager - Connection released: [id: 0][route: {s}->https://eyesapi.applitools.com:443][total kept alive: 2; route allocated: 1 of 2; total allocated: 2 of 20]
02:23:20.282 [jersey-client-async-executor-1] DEBUG org.apache.http.client.protocol.RequestAddCookies - CookieSpec selected: default
02:23:20.282 [jersey-client-async-executor-1] DEBUG org.apache.http.client.protocol.RequestAuthCache - Auth cache not set in the context
02:23:20.283 [jersey-client-async-executor-1] DEBUG org.apache.http.impl.conn.PoolingHttpClientConnectionManager - Connection request: [route: {s}->https://eyesapi.applitools.com:443][total kept alive: 2; route allocated: 1 of 2; total allocated: 2 of 20]
02:23:20.284 [jersey-client-async-executor-1] DEBUG org.apache.http.impl.conn.PoolingHttpClientConnectionManager - Connection leased: [id: 0][route: {s}->https://eyesapi.applitools.com:443][total kept alive: 1; route allocated: 1 of 2; total allocated: 2 of 20]
02:23:20.284 [jersey-client-async-executor-1] DEBUG org.apache.http.impl.execchain.MainClientExec - Executing request DELETE /api/sessions/running/KeyMMzEv7UeKa7wZLSfZIw~~$1b59f78c9-7d6e-498e-a321-9a48f2f4026c$24?apiKey=VNmDaPWGLMG1PBjouBddUT6iUAukSWznwUnumISSIwE110&aborted=false&updateBaseline=false HTTP/1.1
02:23:20.285 [jersey-client-async-executor-1] DEBUG org.apache.http.impl.execchain.MainClientExec - Target auth state: UNCHALLENGED
02:23:20.285 [jersey-client-async-executor-1] DEBUG org.apache.http.impl.execchain.MainClientExec - Proxy auth state: UNCHALLENGED
02:23:20.541 [jersey-client-async-executor-1] DEBUG org.apache.http.impl.execchain.MainClientExec - Connection can be kept alive indefinitely
02:23:20.543 [jersey-client-async-executor-1] DEBUG org.apache.http.impl.conn.PoolingHttpClientConnectionManager - Connection [id: 0][route: {s}->https://eyesapi.applitools.com:443] can be kept alive indefinitely
02:23:20.544 [jersey-client-async-executor-1] DEBUG org.apache.http.impl.conn.PoolingHttpClientConnectionManager - Connection released: [id: 0][route: {s}->https://eyesapi.applitools.com:443][total kept alive: 2; route allocated: 1 of 2; total allocated: 2 of 20]
02:23:20.545 [jersey-client-async-executor-0] DEBUG org.apache.http.client.protocol.RequestAddCookies - CookieSpec selected: default
02:23:20.547 [jersey-client-async-executor-0] DEBUG org.apache.http.client.protocol.RequestAuthCache - Auth cache not set in the context
02:23:20.547 [jersey-client-async-executor-0] DEBUG org.apache.http.impl.conn.PoolingHttpClientConnectionManager - Connection request: [route: {s}->https://eyesapi.applitools.com:443][total kept alive: 2; route allocated: 1 of 2; total allocated: 2 of 20]
02:23:20.547 [jersey-client-async-executor-0] DEBUG org.apache.http.impl.conn.PoolingHttpClientConnectionManager - Connection leased: [id: 0][route: {s}->https://eyesapi.applitools.com:443][total kept alive: 1; route allocated: 1 of 2; total allocated: 2 of 20]
02:23:20.548 [jersey-client-async-executor-0] DEBUG org.apache.http.impl.execchain.MainClientExec - Executing request GET /api/tasks/00637430576004057581%7e2/status?apiKey=VNmDaPWGLMG1PBjouBddUT6iUAukSWznwUnumISSIwE110 HTTP/1.1
02:23:20.549 [jersey-client-async-executor-0] DEBUG org.apache.http.impl.execchain.MainClientExec - Target auth state: UNCHALLENGED
02:23:20.549 [jersey-client-async-executor-0] DEBUG org.apache.http.impl.execchain.MainClientExec - Proxy auth state: UNCHALLENGED
02:23:20.828 [jersey-client-async-executor-0] DEBUG org.apache.http.impl.execchain.MainClientExec - Connection can be kept alive indefinitely
02:23:20.828 [jersey-client-async-executor-0] DEBUG org.apache.http.impl.conn.PoolingHttpClientConnectionManager - Connection [id: 0][route: {s}->https://eyesapi.applitools.com:443] can be kept alive indefinitely
02:23:20.828 [jersey-client-async-executor-0] DEBUG org.apache.http.impl.conn.PoolingHttpClientConnectionManager - Connection released: [id: 0][route: {s}->https://eyesapi.applitools.com:443][total kept alive: 2; route allocated: 1 of 2; total allocated: 2 of 20]
02:23:20.830 [jersey-client-async-executor-1] DEBUG org.apache.http.client.protocol.RequestAddCookies - CookieSpec selected: default
02:23:20.831 [jersey-client-async-executor-1] DEBUG org.apache.http.client.protocol.RequestAuthCache - Auth cache not set in the context
02:23:20.832 [jersey-client-async-executor-1] DEBUG org.apache.http.impl.conn.PoolingHttpClientConnectionManager - Connection request: [route: {s}->https://eyesapi.applitools.com:443][total kept alive: 2; route allocated: 1 of 2; total allocated: 2 of 20]
02:23:20.832 [jersey-client-async-executor-1] DEBUG org.apache.http.impl.conn.PoolingHttpClientConnectionManager - Connection leased: [id: 0][route: {s}->https://eyesapi.applitools.com:443][total kept alive: 1; route allocated: 1 of 2; total allocated: 2 of 20]
02:23:20.833 [jersey-client-async-executor-1] DEBUG org.apache.http.impl.execchain.MainClientExec - Executing request DELETE /api/tasks/00637430576004057581%7e2/result?apiKey=VNmDaPWGLMG1PBjouBddUT6iUAukSWznwUnumISSIwE110 HTTP/1.1
02:23:20.833 [jersey-client-async-executor-1] DEBUG org.apache.http.impl.execchain.MainClientExec - Target auth state: UNCHALLENGED
02:23:20.833 [jersey-client-async-executor-1] DEBUG org.apache.http.impl.execchain.MainClientExec - Proxy auth state: UNCHALLENGED
02:23:21.066 [jersey-client-async-executor-1] DEBUG org.apache.http.impl.execchain.MainClientExec - Connection can be kept alive indefinitely
02:23:21.067 [jersey-client-async-executor-1] DEBUG org.apache.http.impl.conn.PoolingHttpClientConnectionManager - Connection [id: 0][route: {s}->https://eyesapi.applitools.com:443] can be kept alive indefinitely
02:23:21.067 [jersey-client-async-executor-1] DEBUG org.apache.http.impl.conn.PoolingHttpClientConnectionManager - Connection released: [id: 0][route: {s}->https://eyesapi.applitools.com:443][total kept alive: 2; route allocated: 1 of 2; total allocated: 2 of 20]
02:23:21.086 [TestNG-tests-1] DEBUG org.apache.http.impl.conn.PoolingHttpClientConnectionManager - Connection manager is shutting down
02:23:21.089 [TestNG-tests-1] DEBUG org.apache.http.impl.conn.PoolingHttpClientConnectionManager - Connection manager shut down
02:23:21.092 [TestNG-tests-1] INFO  logInTest - Getting value of cookie username
02:23:21.104 [TestNG-tests-1] INFO  logInTest - Username cookie: tomsmith
02:23:21.104 [TestNG-tests-1] INFO  logInTest - Getting value of cookie rack.session
02:23:21.110 [TestNG-tests-1] INFO  logInTest - Session cookie: BAh7CkkiD3Nlc3Npb25faWQGOgZFVEkiRTBkOTYyOWMwYTBkYTZkZmFkYmMw%0AOWFiZGZiYzU2YmVhNWIxMTQ2YWMyOGU4MmM5MzkxODI4ZTI4ZDZhM2NhZmUG%0AOwBGSSIJY3NyZgY7AEZJIiUxYWM0ZGZmYTNkZTI3MjVmY2FkOWQ1N2Y0MjIx%0AZGU1NwY7AEZJIg10cmFja2luZwY7AEZ7B0kiFEhUVFBfVVNFUl9BR0VOVAY7%0AAFRJIi0wNzdkMDA0OWFiYWQzMDg2ODc3YWIxNzUzN2ZhNTM2NmQ4NWNlNzhm%0ABjsARkkiGUhUVFBfQUNDRVBUX0xBTkdVQUdFBjsAVEkiLWQ0ZTdkMzNmNGVi%0ANzNiY2U4ZmY3MDdjODBiNjlhYzU3ZWU1YzlmYmMGOwBGSSIKZmxhc2gGOwBG%0AewBJIg11c2VybmFtZQY7AEZJIg10b21zbWl0aAY7AFQ%3D%0A--48f744d8634d449d844da51ca018500936dec352
02:23:21.197 [TestNG-tests-1] INFO  PositiveLogInTest123 - [Test logInTest failed]
02:23:21.202 [TestNG-tests-1] INFO  PositiveLogInTest123 - Driver hashcode for screenshot 603863486
02:23:21.516 [TestNG-tests-1] INFO  PositiveLogInTest123 - RP_MESSAGE#FILE#C:\Users\nabey\AppData\Local\Temp\screenshot17412394646827384075.png#Failure Screenshot
]]></system-out>
    <system-err><![CDATA[Dec 09, 2020 2:23:21 AM org.openqa.selenium.remote.Augmenter extractRemoteWebDriver
WARNING: Augmenter should be applied to the instances of @Augmentable classes or previously augmented instances only (instance class was: class org.openqa.selenium.chrome.ChromeDriver)
]]></system-err>
  </testcase>
</testsuite>